# JRE version: Java(TM) SE Runtime Environment (7.0_79-b15) (build 1.7.0_79-b15)
# Java VM: Java HotSpot(TM) 64-Bit Server VM (24.79-b02 mixed mode windows-amd64 compressed oops)
Heap
 PSYoungGen      total 18944K, used 3521K [0x00000000eb200000, 0x00000000ed700000, 0x0000000100000000)
  eden space 16384K, 6% used [0x00000000eb200000,0x00000000eb2f5f58,0x00000000ec200000)
  from space 2560K, 99% used [0x00000000ec480000,0x00000000ec6fa610,0x00000000ec700000)
  to   space 2560K, 0% used [0x00000000ec200000,0x00000000ec200000,0x00000000ec480000)
 ParOldGen       total 42496K, used 27648K [0x00000000c1600000, 0x00000000c3f80000, 0x00000000eb200000)
  object space 42496K, 65% used [0x00000000c1600000,0x00000000c3100050,0x00000000c3f80000)
 PSPermGen       total 21504K, used 2647K [0x00000000bc400000, 0x00000000bd900000, 0x00000000c1600000)
  object space 21504K, 12% used [0x00000000bc400000,0x00000000bc695ef0,0x00000000bd900000)
GC Heap History (8 events):
Event: 139.560 GC heap before
{Heap before GC invocations=1 (full 0):
 PSYoungGen      total 18944K, used 16384K [0x00000000eb200000, 0x00000000ec700000, 0x0000000100000000)
  eden space 16384K, 100% used [0x00000000eb200000,0x00000000ec200000,0x00000000ec200000)
  from space 2560K, 0% used [0x00000000ec480000,0x00000000ec480000,0x00000000ec700000)
  to   space 2560K, 0% used [0x00000000ec200000,0x00000000ec200000,0x00000000ec480000)
 ParOldGen       total 42496K, used 0K [0x00000000c1600000, 0x00000000c3f80000, 0x00000000eb200000)
  object space 42496K, 0% used [0x00000000c1600000,0x00000000c1600000,0x00000000c3f80000)
 PSPermGen       total 21504K, used 2647K [0x00000000bc400000, 0x00000000bd900000, 0x00000000c1600000)
  object space 21504K, 12% used [0x00000000bc400000,0x00000000bc695ef0,0x00000000bd900000)
Event: 139.579 GC heap after
Heap after GC invocations=1 (full 0):
 PSYoungGen      total 18944K, used 2537K [0x00000000eb200000, 0x00000000ec700000, 0x0000000100000000)
  eden space 16384K, 0% used [0x00000000eb200000,0x00000000eb200000,0x00000000ec200000)
  from space 2560K, 99% used [0x00000000ec200000,0x00000000ec47a630,0x00000000ec480000)
  to   space 2560K, 0% used [0x00000000ec480000,0x00000000ec480000,0x00000000ec700000)
 ParOldGen       total 42496K, used 4928K [0x00000000c1600000, 0x00000000c3f80000, 0x00000000eb200000)
  object space 42496K, 11% used [0x00000000c1600000,0x00000000c1ad0000,0x00000000c3f80000)
 PSPermGen       total 21504K, used 2647K [0x00000000bc400000, 0x00000000bd900000, 0x00000000c1600000)
  object space 21504K, 12% used [0x00000000bc400000,0x00000000bc695ef0,0x00000000bd900000)
}
Event: 141.742 GC heap before
{Heap before GC invocations=2 (full 0):
 PSYoungGen      total 18944K, used 18921K [0x00000000eb200000, 0x00000000ec700000, 0x0000000100000000)
  eden space 16384K, 100% used [0x00000000eb200000,0x00000000ec200000,0x00000000ec200000)
  from space 2560K, 99% used [0x00000000ec200000,0x00000000ec47a630,0x00000000ec480000)
  to   space 2560K, 0% used [0x00000000ec480000,0x00000000ec480000,0x00000000ec700000)
 ParOldGen       total 42496K, used 4928K [0x00000000c1600000, 0x00000000c3f80000, 0x00000000eb200000)
  object space 42496K, 11% used [0x00000000c1600000,0x00000000c1ad0000,0x00000000c3f80000)
 PSPermGen       total 21504K, used 2647K [0x00000000bc400000, 0x00000000bd900000, 0x00000000c1600000)
  object space 21504K, 12% used [0x00000000bc400000,0x00000000bc695ef0,0x00000000bd900000)
Event: 141.768 GC heap after
Heap after GC invocations=2 (full 0):
 PSYoungGen      total 18944K, used 2537K [0x00000000eb200000, 0x00000000ec700000, 0x0000000100000000)
  eden space 16384K, 0% used [0x00000000eb200000,0x00000000eb200000,0x00000000ec200000)
  from space 2560K, 99% used [0x00000000ec480000,0x00000000ec6fa610,0x00000000ec700000)
  to   space 2560K, 0% used [0x00000000ec200000,0x00000000ec200000,0x00000000ec480000)
 ParOldGen       total 42496K, used 12456K [0x00000000c1600000, 0x00000000c3f80000, 0x00000000eb200000)
  object space 42496K, 29% used [0x00000000c1600000,0x00000000c222a000,0x00000000c3f80000)
 PSPermGen       total 21504K, used 2647K [0x00000000bc400000, 0x00000000bd900000, 0x00000000c1600000)
  object space 21504K, 12% used [0x00000000bc400000,0x00000000bc695ef0,0x00000000bd900000)
}
Event: 143.230 GC heap before
{Heap before GC invocations=3 (full 0):
 PSYoungGen      total 18944K, used 18921K [0x00000000eb200000, 0x00000000ec700000, 0x0000000100000000)
  eden space 16384K, 100% used [0x00000000eb200000,0x00000000ec200000,0x00000000ec200000)
  from space 2560K, 99% used [0x00000000ec480000,0x00000000ec6fa610,0x00000000ec700000)
  to   space 2560K, 0% used [0x00000000ec200000,0x00000000ec200000,0x00000000ec480000)
 ParOldGen       total 42496K, used 12456K [0x00000000c1600000, 0x00000000c3f80000, 0x00000000eb200000)
  object space 42496K, 29% used [0x00000000c1600000,0x00000000c222a000,0x00000000c3f80000)
 PSPermGen       total 21504K, used 2647K [0x00000000bc400000, 0x00000000bd900000, 0x00000000c1600000)
  object space 21504K, 12% used [0x00000000bc400000,0x00000000bc695ef0,0x00000000bd900000)
Event: 143.253 GC heap after
Heap after GC invocations=3 (full 0):
 PSYoungGen      total 18944K, used 2537K [0x00000000eb200000, 0x00000000ec700000, 0x0000000100000000)
  eden space 16384K, 0% used [0x00000000eb200000,0x00000000eb200000,0x00000000ec200000)
  from space 2560K, 99% used [0x00000000ec200000,0x00000000ec47a630,0x00000000ec480000)
  to   space 2560K, 0% used [0x00000000ec480000,0x00000000ec480000,0x00000000ec700000)
 ParOldGen       total 42496K, used 20048K [0x00000000c1600000, 0x00000000c3f80000, 0x00000000eb200000)
  object space 42496K, 47% used [0x00000000c1600000,0x00000000c2994000,0x00000000c3f80000)
 PSPermGen       total 21504K, used 2647K [0x00000000bc400000, 0x00000000bd900000, 0x00000000c1600000)
  object space 21504K, 12% used [0x00000000bc400000,0x00000000bc695ef0,0x00000000bd900000)
}
Event: 143.334 GC heap before
{Heap before GC invocations=4 (full 0):
 PSYoungGen      total 18944K, used 18921K [0x00000000eb200000, 0x00000000ec700000, 0x0000000100000000)
  eden space 16384K, 100% used [0x00000000eb200000,0x00000000ec200000,0x00000000ec200000)
  from space 2560K, 99% used [0x00000000ec200000,0x00000000ec47a630,0x00000000ec480000)
  to   space 2560K, 0% used [0x00000000ec480000,0x00000000ec480000,0x00000000ec700000)
 ParOldGen       total 42496K, used 20048K [0x00000000c1600000, 0x00000000c3f80000, 0x00000000eb200000)
  object space 42496K, 47% used [0x00000000c1600000,0x00000000c2994000,0x00000000c3f80000)
 PSPermGen       total 21504K, used 2647K [0x00000000bc400000, 0x00000000bd900000, 0x00000000c1600000)
  object space 21504K, 12% used [0x00000000bc400000,0x00000000bc695ef0,0x00000000bd900000)
Event: 143.358 GC heap after
Heap after GC invocations=4 (full 0):
 PSYoungGen      total 18944K, used 2537K [0x00000000eb200000, 0x00000000ed700000, 0x0000000100000000)
  eden space 16384K, 0% used [0x00000000eb200000,0x00000000eb200000,0x00000000ec200000)
  from space 2560K, 99% used [0x00000000ec480000,0x00000000ec6fa610,0x00000000ec700000)
  to   space 2560K, 0% used [0x00000000ec200000,0x00000000ec200000,0x00000000ec480000)
 ParOldGen       total 42496K, used 27648K [0x00000000c1600000, 0x00000000c3f80000, 0x00000000eb200000)
  object space 42496K, 65% used [0x00000000c1600000,0x00000000c3100050,0x00000000c3f80000)
 PSPermGen       total 21504K, used 2647K [0x00000000bc400000, 0x00000000bd900000, 0x00000000c1600000)
  object space 21504K, 12% used [0x00000000bc400000,0x00000000bc695ef0,0x00000000bd900000)
}

